2021-01-24 14:16:30 INFO  com.wang.BlogOneApplication -Starting BlogOneApplication using Java 11.0.9 on LAPTOP-88BM7T67 with PID 12788 (C:\Users\Charlie Puth\Desktop\blog_one\target\classes started by Charlie Puth in C:\Users\Charlie Puth\Desktop\blog_one)
2021-01-24 14:16:30 INFO  com.wang.BlogOneApplication -The following profiles are active: dev
2021-01-24 14:16:30 INFO  o.s.b.d.env.DevToolsPropertyDefaultsPostProcessor -Devtools property defaults active! Set 'spring.devtools.add-properties' to 'false' to disable
2021-01-24 14:16:30 INFO  o.s.b.d.env.DevToolsPropertyDefaultsPostProcessor -For additional web related logging consider setting the 'logging.level.web' property to 'DEBUG'
2021-01-24 14:16:30 INFO  o.s.d.r.config.RepositoryConfigurationDelegate -Bootstrapping Spring Data JPA repositories in DEFAULT mode.
2021-01-24 14:16:31 INFO  o.s.d.r.config.RepositoryConfigurationDelegate -Finished Spring Data repository scanning in 78 ms. Found 5 JPA repository interfaces.
2021-01-24 14:16:31 INFO  o.s.boot.web.embedded.tomcat.TomcatWebServer -Tomcat initialized with port(s): 8081 (http)
2021-01-24 14:16:31 INFO  org.apache.catalina.core.StandardService -Starting service [Tomcat]
2021-01-24 14:16:31 INFO  org.apache.catalina.core.StandardEngine -Starting Servlet engine: [Apache Tomcat/9.0.41]
2021-01-24 14:16:31 INFO  o.a.c.core.ContainerBase.[Tomcat].[localhost].[/] -Initializing Spring embedded WebApplicationContext
2021-01-24 14:16:31 INFO  o.s.b.w.s.c.ServletWebServerApplicationContext -Root WebApplicationContext: initialization completed in 1385 ms
2021-01-24 14:16:31 INFO  org.hibernate.jpa.internal.util.LogHelper -HHH000204: Processing PersistenceUnitInfo [name: default]
2021-01-24 14:16:31 INFO  org.hibernate.Version -HHH000412: Hibernate ORM core version 5.4.25.Final
2021-01-24 14:16:32 INFO  org.hibernate.annotations.common.Version -HCANN000001: Hibernate Commons Annotations {5.1.2.Final}
2021-01-24 14:16:32 INFO  com.zaxxer.hikari.HikariDataSource -HikariPool-1 - Starting...
2021-01-24 14:16:32 INFO  com.zaxxer.hikari.HikariDataSource -HikariPool-1 - Start completed.
2021-01-24 14:16:32 INFO  org.hibernate.dialect.Dialect -HHH000400: Using dialect: org.hibernate.dialect.MySQL57Dialect
2021-01-24 14:16:32 INFO  o.h.e.t.jta.platform.internal.JtaPlatformInitiator -HHH000490: Using JtaPlatform implementation: [org.hibernate.engine.transaction.jta.platform.internal.NoJtaPlatform]
2021-01-24 14:16:32 INFO  o.s.orm.jpa.LocalContainerEntityManagerFactoryBean -Initialized JPA EntityManagerFactory for persistence unit 'default'
2021-01-24 14:16:32 INFO  o.s.b.d.autoconfigure.OptionalLiveReloadServer -LiveReload server is running on port 35729
2021-01-24 14:16:33 WARN  o.s.b.a.o.j.JpaBaseConfiguration$JpaWebConfiguration -spring.jpa.open-in-view is enabled by default. Therefore, database queries may be performed during view rendering. Explicitly configure spring.jpa.open-in-view to disable this warning
2021-01-24 14:16:33 INFO  o.s.scheduling.concurrent.ThreadPoolTaskExecutor -Initializing ExecutorService 'applicationTaskExecutor'
2021-01-24 14:16:33 INFO  o.s.b.a.web.servlet.WelcomePageHandlerMapping -Adding welcome page template: index
2021-01-24 14:16:34 INFO  o.s.boot.web.embedded.tomcat.TomcatWebServer -Tomcat started on port(s): 8081 (http) with context path ''
2021-01-24 14:16:34 INFO  com.wang.BlogOneApplication -Started BlogOneApplication in 4.76 seconds (JVM running for 6.542)
